# JRE version: Java(TM) SE Runtime Environment (8.0_201-b09) (build 1.8.0_201-b09)
# Java VM: Java HotSpot(TM) 64-Bit Server VM (25.201-b09 mixed mode windows-amd64 compressed oops)
Heap:
 PSYoungGen      total 263168K, used 193533K [0x00000000d5a00000, 0x00000000ed500000, 0x0000000100000000)
  eden space 224768K, 79% used [0x00000000d5a00000,0x00000000e0963a30,0x00000000e3580000)
  from space 38400K, 36% used [0x00000000e5980000,0x00000000e671bc50,0x00000000e7f00000)
  to   space 36864K, 0% used [0x00000000e3580000,0x00000000e3580000,0x00000000e5980000)
 ParOldGen       total 126976K, used 35932K [0x0000000080e00000, 0x0000000088a00000, 0x00000000d5a00000)
  object space 126976K, 28% used [0x0000000080e00000,0x0000000083117170,0x0000000088a00000)
 Metaspace       used 45705K, capacity 46564K, committed 46720K, reserved 1091584K
  class space    used 5084K, capacity 5247K, committed 5248K, reserved 1048576K
GC Heap History (10 events):
Event: 4.110 GC heap before
{Heap before GC invocations=8 (full 1):
 PSYoungGen      total 157696K, used 29159K [0x00000000d5a00000, 0x00000000ea600000, 0x0000000100000000)
  eden space 128512K, 0% used [0x00000000d5a00000,0x00000000d5a00000,0x00000000dd780000)
  from space 29184K, 99% used [0x00000000dd780000,0x00000000df3f9e48,0x00000000df400000)
  to   space 41472K, 0% used [0x00000000e7d80000,0x00000000e7d80000,0x00000000ea600000)
 ParOldGen       total 87552K, used 43452K [0x0000000080e00000, 0x0000000086380000, 0x00000000d5a00000)
  object space 87552K, 49% used [0x0000000080e00000,0x000000008386f3c0,0x0000000086380000)
 Metaspace       used 20821K, capacity 21162K, committed 21248K, reserved 1069056K
  class space    used 2413K, capacity 2547K, committed 2560K, reserved 1048576K
Event: 4.186 GC heap after
Heap after GC invocations=8 (full 1):
 PSYoungGen      total 157696K, used 0K [0x00000000d5a00000, 0x00000000ea600000, 0x0000000100000000)
  eden space 128512K, 0% used [0x00000000d5a00000,0x00000000d5a00000,0x00000000dd780000)
  from space 29184K, 0% used [0x00000000dd780000,0x00000000dd780000,0x00000000df400000)
  to   space 41472K, 0% used [0x00000000e7d80000,0x00000000e7d80000,0x00000000ea600000)
 ParOldGen       total 126976K, used 65941K [0x0000000080e00000, 0x0000000088a00000, 0x00000000d5a00000)
  object space 126976K, 51% used [0x0000000080e00000,0x0000000084e655f8,0x0000000088a00000)
 Metaspace       used 20821K, capacity 21162K, committed 21248K, reserved 1069056K
  class space    used 2413K, capacity 2547K, committed 2560K, reserved 1048576K
}
Event: 6.257 GC heap before
{Heap before GC invocations=9 (full 1):
 PSYoungGen      total 157696K, used 128512K [0x00000000d5a00000, 0x00000000ea600000, 0x0000000100000000)
  eden space 128512K, 100% used [0x00000000d5a00000,0x00000000dd780000,0x00000000dd780000)
  from space 29184K, 0% used [0x00000000dd780000,0x00000000dd780000,0x00000000df400000)
  to   space 41472K, 0% used [0x00000000e7d80000,0x00000000e7d80000,0x00000000ea600000)
 ParOldGen       total 126976K, used 65948K [0x0000000080e00000, 0x0000000088a00000, 0x00000000d5a00000)
  object space 126976K, 51% used [0x0000000080e00000,0x0000000084e672a8,0x0000000088a00000)
 Metaspace       used 34006K, capacity 34436K, committed 34688K, reserved 1079296K
  class space    used 3979K, capacity 4116K, committed 4224K, reserved 1048576K
Event: 6.272 GC heap after
Heap after GC invocations=9 (full 1):
 PSYoungGen      total 242688K, used 19080K [0x00000000d5a00000, 0x00000000e9080000, 0x0000000100000000)
  eden space 223232K, 0% used [0x00000000d5a00000,0x00000000d5a00000,0x00000000e3400000)
  from space 19456K, 98% used [0x00000000e7d80000,0x00000000e90220e8,0x00000000e9080000)
  to   space 39424K, 0% used [0x00000000e4380000,0x00000000e4380000,0x00000000e6a00000)
 ParOldGen       total 126976K, used 65956K [0x0000000080e00000, 0x0000000088a00000, 0x00000000d5a00000)
  object space 126976K, 51% used [0x0000000080e00000,0x0000000084e692a8,0x0000000088a00000)
 Metaspace       used 34006K, capacity 34436K, committed 34688K, reserved 1079296K
  class space    used 3979K, capacity 4116K, committed 4224K, reserved 1048576K
}
Event: 6.713 GC heap before
{Heap before GC invocations=10 (full 1):
 PSYoungGen      total 242688K, used 51268K [0x00000000d5a00000, 0x00000000e9080000, 0x0000000100000000)
  eden space 223232K, 14% used [0x00000000d5a00000,0x00000000d796f0a8,0x00000000e3400000)
  from space 19456K, 98% used [0x00000000e7d80000,0x00000000e90220e8,0x00000000e9080000)
  to   space 39424K, 0% used [0x00000000e4380000,0x00000000e4380000,0x00000000e6a00000)
 ParOldGen       total 126976K, used 65956K [0x0000000080e00000, 0x0000000088a00000, 0x00000000d5a00000)
  object space 126976K, 51% used [0x0000000080e00000,0x0000000084e692a8,0x0000000088a00000)
 Metaspace       used 34400K, capacity 34806K, committed 35200K, reserved 1081344K
  class space    used 4022K, capacity 4151K, committed 4224K, reserved 1048576K
Event: 6.726 GC heap after
Heap after GC invocations=10 (full 1):
 PSYoungGen      total 232960K, used 9675K [0x00000000d5a00000, 0x00000000e7f00000, 0x0000000100000000)
  eden space 223232K, 0% used [0x00000000d5a00000,0x00000000d5a00000,0x00000000e3400000)
  from space 9728K, 99% used [0x00000000e4380000,0x00000000e4cf2f78,0x00000000e4d00000)
  to   space 38400K, 0% used [0x00000000e5980000,0x00000000e5980000,0x00000000e7f00000)
 ParOldGen       total 126976K, used 65964K [0x0000000080e00000, 0x0000000088a00000, 0x00000000d5a00000)
  object space 126976K, 51% used [0x0000000080e00000,0x0000000084e6b2a8,0x0000000088a00000)
 Metaspace       used 34400K, capacity 34806K, committed 35200K, reserved 1081344K
  class space    used 4022K, capacity 4151K, committed 4224K, reserved 1048576K
}
Event: 6.726 GC heap before
{Heap before GC invocations=11 (full 2):
 PSYoungGen      total 232960K, used 9675K [0x00000000d5a00000, 0x00000000e7f00000, 0x0000000100000000)
  eden space 223232K, 0% used [0x00000000d5a00000,0x00000000d5a00000,0x00000000e3400000)
  from space 9728K, 99% used [0x00000000e4380000,0x00000000e4cf2f78,0x00000000e4d00000)
  to   space 38400K, 0% used [0x00000000e5980000,0x00000000e5980000,0x00000000e7f00000)
 ParOldGen       total 126976K, used 65964K [0x0000000080e00000, 0x0000000088a00000, 0x00000000d5a00000)
  object space 126976K, 51% used [0x0000000080e00000,0x0000000084e6b2a8,0x0000000088a00000)
 Metaspace       used 34400K, capacity 34806K, committed 35200K, reserved 1081344K
  class space    used 4022K, capacity 4151K, committed 4224K, reserved 1048576K
Event: 6.786 GC heap after
Heap after GC invocations=11 (full 2):
 PSYoungGen      total 232960K, used 0K [0x00000000d5a00000, 0x00000000e7f00000, 0x0000000100000000)
  eden space 223232K, 0% used [0x00000000d5a00000,0x00000000d5a00000,0x00000000e3400000)
  from space 9728K, 0% used [0x00000000e4380000,0x00000000e4380000,0x00000000e4d00000)
  to   space 38400K, 0% used [0x00000000e5980000,0x00000000e5980000,0x00000000e7f00000)
 ParOldGen       total 126976K, used 35924K [0x0000000080e00000, 0x0000000088a00000, 0x00000000d5a00000)
  object space 126976K, 28% used [0x0000000080e00000,0x0000000083115170,0x0000000088a00000)
 Metaspace       used 34400K, capacity 34806K, committed 35200K, reserved 1081344K
  class space    used 4022K, capacity 4151K, committed 4224K, reserved 1048576K
}
Event: 493.973 GC heap before
{Heap before GC invocations=12 (full 2):
 PSYoungGen      total 232960K, used 223232K [0x00000000d5a00000, 0x00000000e7f00000, 0x0000000100000000)
  eden space 223232K, 100% used [0x00000000d5a00000,0x00000000e3400000,0x00000000e3400000)
  from space 9728K, 0% used [0x00000000e4380000,0x00000000e4380000,0x00000000e4d00000)
  to   space 38400K, 0% used [0x00000000e5980000,0x00000000e5980000,0x00000000e7f00000)
 ParOldGen       total 126976K, used 35924K [0x0000000080e00000, 0x0000000088a00000, 0x00000000d5a00000)
  object space 126976K, 28% used [0x0000000080e00000,0x0000000083115170,0x0000000088a00000)
 Metaspace       used 44763K, capacity 45436K, committed 45696K, reserved 1089536K
  class space    used 5047K, capacity 5216K, committed 5248K, reserved 1048576K
Event: 493.988 GC heap after
Heap after GC invocations=12 (full 2):
 PSYoungGen      total 263168K, used 13935K [0x00000000d5a00000, 0x00000000ed500000, 0x0000000100000000)
  eden space 224768K, 0% used [0x00000000d5a00000,0x00000000d5a00000,0x00000000e3580000)
  from space 38400K, 36% used [0x00000000e5980000,0x00000000e671bc50,0x00000000e7f00000)
  to   space 36864K, 0% used [0x00000000e3580000,0x00000000e3580000,0x00000000e5980000)
 ParOldGen       total 126976K, used 35932K [0x0000000080e00000, 0x0000000088a00000, 0x00000000d5a00000)
  object space 126976K, 28% used [0x0000000080e00000,0x0000000083117170,0x0000000088a00000)
 Metaspace       used 44763K, capacity 45436K, committed 45696K, reserved 1089536K
  class space    used 5047K, capacity 5216K, committed 5248K, reserved 1048576K
}

